<?xml version="1.0" encoding="UTF-8"?>
<!-- Generated by org.testng.reporters.JUnitReportReporter -->
<testsuite name="Tests.TestUserRegisteration" tests="1" time="5.844" ignored="0" failures="0" timestamp="10 Nov 2021 12:09:48 GMT" skipped="0" hostname="IT16XQR" errors="0">
  <testcase name="User_Register_sucess" time="5.844" classname="Tests.TestUserRegisteration"/>
</testsuite> <!-- Tests.TestUserRegisteration -->
